<?xml version="1.0" encoding="UTF-8"?>
<testsuite xmlns:xsi="http://www.w3.org/2001/XMLSchema-instance" xsi:noNamespaceSchemaLocation="https://maven.apache.org/surefire/maven-surefire-plugin/xsd/surefire-test-report-3.0.xsd" version="3.0" name="TestSuite" time="194.619" tests="10" errors="0" skipped="1" failures="7">
  <properties>
[...]
</properties>
  <testcase name="userCanLogin" classname="tests.LoginPageTest" time="24.293">
    <failure message="expected [true] but found [false]" type="java.lang.AssertionError"><![CDATA[java.lang.AssertionError: expected [true] but found [false]
	at tests.LoginPageTest.userCanLogin(LoginPageTest.java:26)
]]></failure>
    <system-out><![CDATA[WARNING! More than one ReportPortal listener is added
]]></system-out>
    <system-err><![CDATA[SLF4J: Failed to load class "org.slf4j.impl.StaticLoggerBinder".
SLF4J: Defaulting to no-operation (NOP) logger implementation
SLF4J: See http://www.slf4j.org/codes.html#StaticLoggerBinder for further details.
Starting ChromeDriver 97.0.4692.71 (adefa7837d02a07a604c1e6eff0b3a09422ab88d-refs/branch-heads/4692@{#1247}) on port 11422
Only local connections are allowed.
Please see https://chromedriver.chromium.org/security-considerations for suggestions on keeping ChromeDriver safe.
ChromeDriver was started successfully.
янв. 12, 2022 9:41:02 AM org.openqa.selenium.remote.ProtocolHandshake createSession
INFO: Detected dialect: W3C
]]></system-err>
  </testcase>
  <testcase name="allSettingsAreAvailable" classname="tests.SettingsPageTest" time="20.025"/>
  <testcase name="allNotificationSettingsAreAvailable" classname="tests.SettingsPageTest" time="20.434">
    <failure message="Can&apos;t find settings element with name: Уведомления" type="java.lang.IllegalArgumentException"><![CDATA[java.lang.IllegalArgumentException: Can't find settings element with name: Уведомления
	at tests.SettingsPageTest.allNotificationSettingsAreAvailable(SettingsPageTest.java:52)
]]></failure>
  </testcase>
  <testcase name="allPrivacySettingAreAvailable" classname="tests.SettingsPageTest" time="20.33">
    <failure message="Can&apos;t find settings element with name: Конфиденциальность" type="java.lang.IllegalArgumentException"><![CDATA[java.lang.IllegalArgumentException: Can't find settings element with name: Конфиденциальность
	at tests.SettingsPageTest.allPrivacySettingAreAvailable(SettingsPageTest.java:83)
]]></failure>
  </testcase>
  <testcase name="commentAnswerNotificationSettingIsAvailable" classname="tests.SettingsPageTest" time="20.365">
    <failure message="Can&apos;t find settings element with name: Уведомления" type="java.lang.IllegalArgumentException"><![CDATA[java.lang.IllegalArgumentException: Can't find settings element with name: Уведомления
	at tests.SettingsPageTest.commentAnswerNotificationSettingIsAvailable(SettingsPageTest.java:59)
]]></failure>
  </testcase>
  <testcase name="playbackRadioButtonsAreAvailable" classname="tests.SettingsPageTest" time="20.386">
    <failure message="Can&apos;t find settings element with name: Воспроизведение" type="java.lang.IllegalArgumentException"><![CDATA[java.lang.IllegalArgumentException: Can't find settings element with name: Воспроизведение
	at tests.SettingsPageTest.playbackRadioButtonsAreAvailable(SettingsPageTest.java:74)
]]></failure>
  </testcase>
  <testcase name="openSettingsPage" classname="tests.SettingsPageTest" time="36.708">
    <failure message="Expected condition failed: waiting for visibility of [[ChromeDriver: chrome on WINDOWS (31a697e4e91a4737b43f0d4b1c12c414)] -&gt; xpath: //input[@type=&apos;password&apos;]] (tried for 10 second(s) with 500 milliseconds interval)&#10;Build info: version: &apos;3.141.59&apos;, revision: &apos;e82be7d358&apos;, time: &apos;2018-11-14T08:17:03&apos;&#10;System info: host: &apos;DESKTOP-PE5OJRC&apos;, ip: &apos;26.46.131.206&apos;, os.name: &apos;Windows 10&apos;, os.arch: &apos;amd64&apos;, os.version: &apos;10.0&apos;, java.version: &apos;11.0.11&apos;&#10;Driver info: org.openqa.selenium.chrome.ChromeDriver&#10;Capabilities {acceptInsecureCerts: false, browserName: chrome, browserVersion: 97.0.4692.71, chrome: {chromedriverVersion: 97.0.4692.71 (adefa7837d02a..., userDataDir: C:\Users\Mine\AppData\Local...}, goog:chromeOptions: {debuggerAddress: localhost:51865}, javascriptEnabled: true, networkConnectionEnabled: false, pageLoadStrategy: normal, platform: WINDOWS, platformName: WINDOWS, proxy: Proxy(), setWindowRect: true, strictFileInteractability: false, timeouts: {implicit: 0, pageLoad: 300000, script: 30000}, unhandledPromptBehavior: dismiss and notify, webauthn:extension:credBlob: true, webauthn:extension:largeBlob: true, webauthn:virtualAuthenticators: true}&#10;Session ID: 31a697e4e91a4737b43f0d4b1c12c414" type="org.openqa.selenium.TimeoutException"><![CDATA[org.openqa.selenium.TimeoutException: 
Expected condition failed: waiting for visibility of [[ChromeDriver: chrome on WINDOWS (31a697e4e91a4737b43f0d4b1c12c414)] -> xpath: //input[@type='password']] (tried for 10 second(s) with 500 milliseconds interval)
Build info: version: '3.141.59', revision: 'e82be7d358', time: '2018-11-14T08:17:03'
System info: host: 'DESKTOP-PE5OJRC', ip: '26.46.131.206', os.name: 'Windows 10', os.arch: 'amd64', os.version: '10.0', java.version: '11.0.11'
Driver info: org.openqa.selenium.chrome.ChromeDriver
Capabilities {acceptInsecureCerts: false, browserName: chrome, browserVersion: 97.0.4692.71, chrome: {chromedriverVersion: 97.0.4692.71 (adefa7837d02a..., userDataDir: C:\Users\Mine\AppData\Local...}, goog:chromeOptions: {debuggerAddress: localhost:51865}, javascriptEnabled: true, networkConnectionEnabled: false, pageLoadStrategy: normal, platform: WINDOWS, platformName: WINDOWS, proxy: Proxy(), setWindowRect: true, strictFileInteractability: false, timeouts: {implicit: 0, pageLoad: 300000, script: 30000}, unhandledPromptBehavior: dismiss and notify, webauthn:extension:credBlob: true, webauthn:extension:largeBlob: true, webauthn:virtualAuthenticators: true}
Session ID: 31a697e4e91a4737b43f0d4b1c12c414
	at tests.SettingsPageTest.openSettingsPage(SettingsPageTest.java:32)
]]></failure>
  </testcase>
  <testcase name="playbackSettingsAreAvailable" classname="tests.SettingsPageTest" time="0">
    <skipped message="Expected condition failed: waiting for visibility of [[ChromeDriver: chrome on WINDOWS (31a697e4e91a4737b43f0d4b1c12c414)] -&gt; xpath: //input[@type=&apos;password&apos;]] (tried for 10 second(s) with 500 milliseconds interval)&#10;Build info: version: &apos;3.141.59&apos;, revision: &apos;e82be7d358&apos;, time: &apos;2018-11-14T08:17:03&apos;&#10;System info: host: &apos;DESKTOP-PE5OJRC&apos;, ip: &apos;26.46.131.206&apos;, os.name: &apos;Windows 10&apos;, os.arch: &apos;amd64&apos;, os.version: &apos;10.0&apos;, java.version: &apos;11.0.11&apos;&#10;Driver info: org.openqa.selenium.chrome.ChromeDriver&#10;Capabilities {acceptInsecureCerts: false, browserName: chrome, browserVersion: 97.0.4692.71, chrome: {chromedriverVersion: 97.0.4692.71 (adefa7837d02a..., userDataDir: C:\Users\Mine\AppData\Local...}, goog:chromeOptions: {debuggerAddress: localhost:51865}, javascriptEnabled: true, networkConnectionEnabled: false, pageLoadStrategy: normal, platform: WINDOWS, platformName: WINDOWS, proxy: Proxy(), setWindowRect: true, strictFileInteractability: false, timeouts: {implicit: 0, pageLoad: 300000, script: 30000}, unhandledPromptBehavior: dismiss and notify, webauthn:extension:credBlob: true, webauthn:extension:largeBlob: true, webauthn:virtualAuthenticators: true}&#10;Session ID: 31a697e4e91a4737b43f0d4b1c12c414"/>
  </testcase>
  <testcase name="checkSearchDisplayed" classname="tests.SingleTest" time="0.206"/>
  <testcase name="testShouldFail" classname="tests.SingleTest" time="0.971">
    <failure message="null" type="java.lang.AssertionError"><![CDATA[java.lang.AssertionError: null
	at tests.SingleTest.testShouldFail(SingleTest.java:16)
]]></failure>
  </testcase>
</testsuite>