-------------------------------------------------------------------------------
Test set: TestSuite
-------------------------------------------------------------------------------
Tests run: 1, Failures: 1, Errors: 0, Skipped: 0, Time elapsed: 2.794 s <<< FAILURE! - in TestSuite
tests.BaseTest.deleteSuite  Time elapsed: 2.023 s  <<< FAILURE!
java.lang.NullPointerException
	at tests.BaseTest.deleteSuite(BaseTest.java:34)

